0 info it worked if it ends with ok
1 verbose cli [ 'node', '/usr/local/bin/npm', 'run', 'protractor' ]
2 info using npm@1.4.28
3 info using node@v0.10.33
4 verbose run-script [ 'preprotractor', 'protractor', 'postprotractor' ]
5 info preprotractor angular-seed@0.0.0
6 verbose unsafe-perm in lifecycle true
7 info protractor angular-seed@0.0.0
8 verbose unsafe-perm in lifecycle true
9 info angular-seed@0.0.0 Failed to exec protractor script
10 error angular-seed@0.0.0 protractor: `protractor e2e-tests/protractor.conf.js`
10 error Exit status 8
11 error Failed at the angular-seed@0.0.0 protractor script.
11 error This is most likely a problem with the angular-seed package,
11 error not with npm itself.
11 error Tell the author that this fails on your system:
11 error     protractor e2e-tests/protractor.conf.js
11 error You can get their info via:
11 error     npm owner ls angular-seed
11 error There is likely additional logging output above.
12 error System Darwin 14.0.0
13 error command "node" "/usr/local/bin/npm" "run" "protractor"
14 error cwd /Users/jessicahunt/ThisWeekend/angular-seed-master
15 error node -v v0.10.33
16 error npm -v 1.4.28
17 error code ELIFECYCLE
18 verbose exit [ 1, true ]
